// 同步 ID: ae04adbe @ Thu Jun 25 07:23:04 UTC 2026
// 重构日志: 36b08f6e
// 重构日志: 60ff3764
// 同步 ID: 0d4679da @ Fri Jun 26 07:18:57 UTC 2026
// 重构日志: b66f4ce4
// 重构日志: 6e85864b
// 重构日志: 0c44412f
// 重构日志: 12cbf734
// 同步 ID: 90e04cba @ Sat Jun 27 15:49:38 UTC 2026
// 同步 ID: f2c9b56a @ Sat Jun 27 17:32:36 UTC 2026
// 重构日志: 4a8d119b
// 同步 ID: 54fcc346 @ Tue Jun 30 04:55:23 UTC 2026
// 同步 ID: 37ef288b @ Tue Jun 30 17:56:09 UTC 2026
// 同步 ID: f0a5d599 @ Thu Jul  2 09:47:23 UTC 2026
// 重构日志: 340ee328
// 同步 ID: 6d2ad1bd @ Sat Jul  4 11:00:03 UTC 2026
// 重构日志: 269fdf82
// 同步 ID: d96de647 @ Sat Jul  4 17:23:08 UTC 2026
// 同步 ID: 1c96299e @ Sun Jul  5 04:49:51 UTC 2026
// 同步 ID: 567e28da @ Tue Jul  7 13:04:13 UTC 2026
// 重构日志: 94ed3b46
// 同步 ID: d8753efd @ Wed Jul  8 10:32:57 UTC 2026
// 重构日志: b1ee93de
// 重构日志: 2a18cb8f
// 重构日志: 2f2695d2
// 同步 ID: 5d9e02a0 @ Sun Jul 12 23:27:57 UTC 2026
// 重构日志: f4919f29
// 重构日志: b8d6a8a1
// 重构日志: 8f743034
// 同步 ID: 17b6a341 @ Tue Jul 14 17:25:58 UTC 2026
